2024-05-02 20:05:34,792 [Worker-4: Loading available Gradle versions] INFO  o.e.b.c.i.u.g.PublishedGradleVersions - Gradle version information cache is up-to-date. Trying to read.
2024-05-02 20:09:40,899 [Worker-17: Importing Maven projects] INFO  o.e.m.c.i.l.LifecycleMappingFactory - Using org.eclipse.m2e.jdt.JarLifecycleMapping lifecycle mapping for MavenProject: ar.edu.unlp.info.oo2:Ejercicio1:0.0.1 @ C:\Users\camit\Facultad\OO2\Ejercicio1_OO2\pom.xml.
2024-05-02 20:09:42,633 [Worker-17: Importing Maven projects] INFO  o.e.m.j.i.AbstractJavaProjectConfigurator - Adding source folder /Ejercicio1_OO2/src/main/java
2024-05-02 20:09:42,635 [Worker-17: Importing Maven projects] INFO  o.e.m.j.i.AbstractJavaProjectConfigurator - Adding source folder /Ejercicio1_OO2/src/test/java
2024-05-02 20:09:42,749 [Worker-17: Importing Maven projects] INFO  o.e.m.c.i.p.ProjectConfigurationManager - Imported and configured 1 project(s) in 11 sec
2024-05-02 20:09:44,260 [Worker-14: Building] INFO  o.e.m.c.i.embedder.EclipseLogger - Using 'UTF-8' encoding to copy filtered resources.
2024-05-02 20:09:44,261 [Worker-14: Building] INFO  o.e.m.c.i.embedder.EclipseLogger - skip non existing resourceDirectory C:\Users\camit\Facultad\OO2\Ejercicio1_OO2\src\main\resources
2024-05-02 20:09:44,268 [Worker-14: Building] INFO  o.e.m.c.i.embedder.EclipseLogger - Using 'UTF-8' encoding to copy filtered resources.
2024-05-02 20:09:44,269 [Worker-14: Building] INFO  o.e.m.c.i.embedder.EclipseLogger - skip non existing resourceDirectory C:\Users\camit\Facultad\OO2\Ejercicio1_OO2\src\test\resources
2024-05-02 20:10:07,537 [Worker-28: Importing Maven projects] INFO  o.e.m.c.i.l.LifecycleMappingFactory - Using org.eclipse.m2e.jdt.JarLifecycleMapping lifecycle mapping for MavenProject: ar.edu.unlp.info.oo2:Ejercicio2_OO2:0.0.1 @ C:\Users\camit\Facultad\OO2\Ejercicio2_OO2\pom.xml.
2024-05-02 20:10:07,666 [Worker-28: Importing Maven projects] INFO  o.e.m.j.i.AbstractJavaProjectConfigurator - Adding source folder /Ejercicio2_OO2/src/main/java
2024-05-02 20:10:07,667 [Worker-28: Importing Maven projects] INFO  o.e.m.j.i.AbstractJavaProjectConfigurator - Adding source folder /Ejercicio2_OO2/src/test/java
2024-05-02 20:10:07,711 [Worker-28: Importing Maven projects] INFO  o.e.m.c.i.p.ProjectConfigurationManager - Imported and configured 1 project(s) in 0 sec
2024-05-02 20:10:08,215 [Worker-25: Building] INFO  o.e.m.c.i.embedder.EclipseLogger - Using 'UTF-8' encoding to copy filtered resources.
2024-05-02 20:10:08,216 [Worker-25: Building] INFO  o.e.m.c.i.embedder.EclipseLogger - skip non existing resourceDirectory C:\Users\camit\Facultad\OO2\Ejercicio2_OO2\src\main\resources
2024-05-02 20:10:08,220 [Worker-25: Building] INFO  o.e.m.c.i.embedder.EclipseLogger - Using 'UTF-8' encoding to copy filtered resources.
2024-05-02 20:10:08,220 [Worker-25: Building] INFO  o.e.m.c.i.embedder.EclipseLogger - skip non existing resourceDirectory C:\Users\camit\Facultad\OO2\Ejercicio2_OO2\src\test\resources
2024-05-02 20:10:24,408 [Worker-17: Importing Maven projects] INFO  o.e.m.c.i.l.LifecycleMappingFactory - Using org.eclipse.m2e.jdt.JarLifecycleMapping lifecycle mapping for MavenProject: ar.edu.unlp.info.oo2:biblioteca:0.0.2 @ C:\Users\camit\Facultad\OO2\Ejercicio3_OO2(ej-biblioteca)\pom.xml.
2024-05-02 20:10:24,840 [Worker-17: Importing Maven projects] INFO  o.e.m.j.i.AbstractJavaProjectConfigurator - Adding source folder /Ejercicio3_OO2(ej-biblioteca)/src/main/java
2024-05-02 20:10:24,841 [Worker-17: Importing Maven projects] INFO  o.e.m.j.i.AbstractJavaProjectConfigurator - Adding source folder /Ejercicio3_OO2(ej-biblioteca)/src/test/java
2024-05-02 20:10:24,921 [Worker-17: Importing Maven projects] INFO  o.e.m.c.i.p.ProjectConfigurationManager - Imported and configured 1 project(s) in 0 sec
2024-05-02 20:10:25,464 [Worker-27: Building] INFO  o.e.m.c.i.embedder.EclipseLogger - Using 'UTF-8' encoding to copy filtered resources.
2024-05-02 20:10:25,465 [Worker-27: Building] INFO  o.e.m.c.i.embedder.EclipseLogger - skip non existing resourceDirectory C:\Users\camit\Facultad\OO2\Ejercicio3_OO2(ej-biblioteca)\src\main\resources
2024-05-02 20:10:25,471 [Worker-27: Building] INFO  o.e.m.c.i.embedder.EclipseLogger - Using 'UTF-8' encoding to copy filtered resources.
2024-05-02 20:10:25,472 [Worker-27: Building] INFO  o.e.m.c.i.embedder.EclipseLogger - skip non existing resourceDirectory C:\Users\camit\Facultad\OO2\Ejercicio3_OO2(ej-biblioteca)\src\test\resources
2024-05-02 20:10:42,381 [Worker-23: Importing Maven projects] INFO  o.e.m.c.i.l.LifecycleMappingFactory - Using org.eclipse.m2e.jdt.JarLifecycleMapping lifecycle mapping for MavenProject: ar.edu.unlp.info.oo2:Ejercicio4_OO2:0.0.1 @ C:\Users\camit\Facultad\OO2\Ejercicio4_OO2\pom.xml.
2024-05-02 20:10:42,479 [Worker-23: Importing Maven projects] INFO  o.e.m.j.i.AbstractJavaProjectConfigurator - Adding source folder /Ejercicio4_OO2/src/main/java
2024-05-02 20:10:42,480 [Worker-23: Importing Maven projects] INFO  o.e.m.j.i.AbstractJavaProjectConfigurator - Adding source folder /Ejercicio4_OO2/src/test/java
2024-05-02 20:10:42,526 [Worker-23: Importing Maven projects] INFO  o.e.m.c.i.p.ProjectConfigurationManager - Imported and configured 1 project(s) in 0 sec
2024-05-02 20:10:43,200 [Worker-14: Building] INFO  o.e.m.c.i.embedder.EclipseLogger - Using 'UTF-8' encoding to copy filtered resources.
2024-05-02 20:10:43,201 [Worker-14: Building] INFO  o.e.m.c.i.embedder.EclipseLogger - skip non existing resourceDirectory C:\Users\camit\Facultad\OO2\Ejercicio4_OO2\src\main\resources
2024-05-02 20:10:43,204 [Worker-14: Building] INFO  o.e.m.c.i.embedder.EclipseLogger - Using 'UTF-8' encoding to copy filtered resources.
2024-05-02 20:10:43,205 [Worker-14: Building] INFO  o.e.m.c.i.embedder.EclipseLogger - skip non existing resourceDirectory C:\Users\camit\Facultad\OO2\Ejercicio4_OO2\src\test\resources
2024-05-02 20:11:05,846 [Worker-23: Importing Maven projects] INFO  o.e.m.c.i.l.LifecycleMappingFactory - Using org.eclipse.m2e.jdt.JarLifecycleMapping lifecycle mapping for MavenProject: ar.edu.unlp.info.oo2:Ejercicio5_OO2:0.0.1 @ C:\Users\camit\Facultad\OO2\Ejercicio5_OO2\pom.xml.
2024-05-02 20:11:06,021 [Worker-23: Importing Maven projects] INFO  o.e.m.j.i.AbstractJavaProjectConfigurator - Adding source folder /Ejercicio5_OO2/src/main/java
2024-05-02 20:11:06,024 [Worker-23: Importing Maven projects] INFO  o.e.m.j.i.AbstractJavaProjectConfigurator - Adding source folder /Ejercicio5_OO2/src/test/java
2024-05-02 20:11:06,087 [Worker-23: Importing Maven projects] INFO  o.e.m.c.i.p.ProjectConfigurationManager - Imported and configured 1 project(s) in 0 sec
2024-05-02 20:11:06,553 [Worker-24: Building] INFO  o.e.m.c.i.embedder.EclipseLogger - Using 'UTF-8' encoding to copy filtered resources.
2024-05-02 20:11:06,553 [Worker-24: Building] INFO  o.e.m.c.i.embedder.EclipseLogger - skip non existing resourceDirectory C:\Users\camit\Facultad\OO2\Ejercicio5_OO2\src\main\resources
2024-05-02 20:11:06,559 [Worker-24: Building] INFO  o.e.m.c.i.embedder.EclipseLogger - Using 'UTF-8' encoding to copy filtered resources.
2024-05-02 20:11:06,560 [Worker-24: Building] INFO  o.e.m.c.i.embedder.EclipseLogger - skip non existing resourceDirectory C:\Users\camit\Facultad\OO2\Ejercicio5_OO2\src\test\resources
2024-05-02 20:11:20,173 [Worker-14: Importing Maven projects] INFO  o.e.m.c.i.l.LifecycleMappingFactory - Using org.eclipse.m2e.jdt.JarLifecycleMapping lifecycle mapping for MavenProject: ar.edu.unlp.info.oo2:Ejercicio6_OO2:0.0.2 @ C:\Users\camit\Facultad\OO2\Ejercicio6_OO2\pom.xml.
2024-05-02 20:11:20,292 [Worker-14: Importing Maven projects] INFO  o.e.m.j.i.AbstractJavaProjectConfigurator - Adding source folder /Ejercicio6_OO2/src/main/java
2024-05-02 20:11:20,293 [Worker-14: Importing Maven projects] INFO  o.e.m.j.i.AbstractJavaProjectConfigurator - Adding source folder /Ejercicio6_OO2/src/test/java
2024-05-02 20:11:20,339 [Worker-14: Importing Maven projects] INFO  o.e.m.c.i.p.ProjectConfigurationManager - Imported and configured 1 project(s) in 0 sec
2024-05-02 20:11:20,851 [Worker-24: Building] INFO  o.e.m.c.i.embedder.EclipseLogger - Using 'UTF-8' encoding to copy filtered resources.
2024-05-02 20:11:20,853 [Worker-24: Building] INFO  o.e.m.c.i.embedder.EclipseLogger - skip non existing resourceDirectory C:\Users\camit\Facultad\OO2\Ejercicio6_OO2\src\main\resources
2024-05-02 20:11:20,857 [Worker-24: Building] INFO  o.e.m.c.i.embedder.EclipseLogger - Using 'UTF-8' encoding to copy filtered resources.
2024-05-02 20:11:20,858 [Worker-24: Building] INFO  o.e.m.c.i.embedder.EclipseLogger - skip non existing resourceDirectory C:\Users\camit\Facultad\OO2\Ejercicio6_OO2\src\test\resources
2024-05-02 20:11:44,027 [Worker-24: Importing Maven projects] INFO  o.e.m.c.i.l.LifecycleMappingFactory - Using org.eclipse.m2e.jdt.JarLifecycleMapping lifecycle mapping for MavenProject: ar.edu.unlp.info.oo2:Ejercicio8_OO2:0.0.2 @ C:\Users\camit\Facultad\OO2\Ejercicio8_OO2\pom.xml.
2024-05-02 20:11:44,149 [Worker-24: Importing Maven projects] INFO  o.e.m.j.i.AbstractJavaProjectConfigurator - Adding source folder /Ejercicio8_OO2/src/main/java
2024-05-02 20:11:44,149 [Worker-24: Importing Maven projects] INFO  o.e.m.j.i.AbstractJavaProjectConfigurator - Adding source folder /Ejercicio8_OO2/src/test/java
2024-05-02 20:11:44,188 [Worker-24: Importing Maven projects] INFO  o.e.m.c.i.p.ProjectConfigurationManager - Imported and configured 1 project(s) in 0 sec
2024-05-02 20:11:44,637 [Worker-23: Building] INFO  o.e.m.c.i.embedder.EclipseLogger - Using 'UTF-8' encoding to copy filtered resources.
2024-05-02 20:11:44,638 [Worker-23: Building] INFO  o.e.m.c.i.embedder.EclipseLogger - skip non existing resourceDirectory C:\Users\camit\Facultad\OO2\Ejercicio8_OO2\src\main\resources
2024-05-02 20:11:44,640 [Worker-23: Building] INFO  o.e.m.c.i.embedder.EclipseLogger - Using 'UTF-8' encoding to copy filtered resources.
2024-05-02 20:11:44,641 [Worker-23: Building] INFO  o.e.m.c.i.embedder.EclipseLogger - skip non existing resourceDirectory C:\Users\camit\Facultad\OO2\Ejercicio8_OO2\src\test\resources
2024-05-02 20:12:05,342 [Worker-17: Importing Maven projects] INFO  o.e.m.c.i.l.LifecycleMappingFactory - Using org.eclipse.m2e.jdt.JarLifecycleMapping lifecycle mapping for MavenProject: ar.edu.unlp.info.oo2:Ejercicio9_OO2:0.0.2 @ C:\Users\camit\Facultad\OO2\Ejercicio9_OO2\pom.xml.
2024-05-02 20:12:05,473 [Worker-17: Importing Maven projects] INFO  o.e.m.j.i.AbstractJavaProjectConfigurator - Adding source folder /Ejercicio9_OO2/src/main/java
2024-05-02 20:12:05,474 [Worker-17: Importing Maven projects] INFO  o.e.m.j.i.AbstractJavaProjectConfigurator - Adding source folder /Ejercicio9_OO2/src/test/java
2024-05-02 20:12:05,515 [Worker-17: Importing Maven projects] INFO  o.e.m.c.i.p.ProjectConfigurationManager - Imported and configured 1 project(s) in 0 sec
2024-05-02 20:12:06,028 [Worker-17: Building] INFO  o.e.m.c.i.embedder.EclipseLogger - Using 'UTF-8' encoding to copy filtered resources.
2024-05-02 20:12:06,028 [Worker-17: Building] INFO  o.e.m.c.i.embedder.EclipseLogger - skip non existing resourceDirectory C:\Users\camit\Facultad\OO2\Ejercicio9_OO2\src\main\resources
2024-05-02 20:12:06,033 [Worker-17: Building] INFO  o.e.m.c.i.embedder.EclipseLogger - Using 'UTF-8' encoding to copy filtered resources.
2024-05-02 20:12:06,033 [Worker-17: Building] INFO  o.e.m.c.i.embedder.EclipseLogger - skip non existing resourceDirectory C:\Users\camit\Facultad\OO2\Ejercicio9_OO2\src\test\resources
2024-05-02 20:12:24,086 [Worker-25: Importing Maven projects] INFO  o.e.m.c.i.l.LifecycleMappingFactory - Using org.eclipse.m2e.jdt.JarLifecycleMapping lifecycle mapping for MavenProject: ar.edu.unlp.info.oo2:Ejercicio10_OO2:0.0.2 @ C:\Users\camit\Facultad\OO2\Ejercicio10_OO2\pom.xml.
2024-05-02 20:12:24,238 [Worker-25: Importing Maven projects] INFO  o.e.m.j.i.AbstractJavaProjectConfigurator - Adding source folder /Ejercicio10_OO2/src/main/java
2024-05-02 20:12:24,239 [Worker-25: Importing Maven projects] INFO  o.e.m.j.i.AbstractJavaProjectConfigurator - Adding source folder /Ejercicio10_OO2/src/test/java
2024-05-02 20:12:24,272 [Worker-25: Importing Maven projects] INFO  o.e.m.c.i.p.ProjectConfigurationManager - Imported and configured 1 project(s) in 0 sec
2024-05-02 20:12:24,751 [Worker-26: Building] INFO  o.e.m.c.i.embedder.EclipseLogger - Using 'UTF-8' encoding to copy filtered resources.
2024-05-02 20:12:24,752 [Worker-26: Building] INFO  o.e.m.c.i.embedder.EclipseLogger - skip non existing resourceDirectory C:\Users\camit\Facultad\OO2\Ejercicio10_OO2\src\main\resources
2024-05-02 20:12:24,756 [Worker-26: Building] INFO  o.e.m.c.i.embedder.EclipseLogger - Using 'UTF-8' encoding to copy filtered resources.
2024-05-02 20:12:24,756 [Worker-26: Building] INFO  o.e.m.c.i.embedder.EclipseLogger - skip non existing resourceDirectory C:\Users\camit\Facultad\OO2\Ejercicio10_OO2\src\test\resources
2024-05-02 20:13:04,885 [Worker-25: Importing Maven projects] INFO  o.e.m.c.i.l.LifecycleMappingFactory - Using org.eclipse.m2e.jdt.JarLifecycleMapping lifecycle mapping for MavenProject: ar.edu.unlp.info.oo2:Ejercicio11_OO2:0.0.2 @ C:\Users\camit\Facultad\OO2\Ejercicio11_OO2\pom.xml.
2024-05-02 20:13:05,014 [Worker-25: Importing Maven projects] INFO  o.e.m.j.i.AbstractJavaProjectConfigurator - Adding source folder /Ejercicio11_OO2/src/main/java
2024-05-02 20:13:05,015 [Worker-25: Importing Maven projects] INFO  o.e.m.j.i.AbstractJavaProjectConfigurator - Adding source folder /Ejercicio11_OO2/src/test/java
2024-05-02 20:13:05,062 [Worker-25: Importing Maven projects] INFO  o.e.m.c.i.p.ProjectConfigurationManager - Imported and configured 1 project(s) in 0 sec
2024-05-02 20:13:05,473 [Worker-27: Building] INFO  o.e.m.c.i.embedder.EclipseLogger - Using 'UTF-8' encoding to copy filtered resources.
2024-05-02 20:13:05,474 [Worker-27: Building] INFO  o.e.m.c.i.embedder.EclipseLogger - skip non existing resourceDirectory C:\Users\camit\Facultad\OO2\Ejercicio11_OO2\src\main\resources
2024-05-02 20:13:05,476 [Worker-27: Building] INFO  o.e.m.c.i.embedder.EclipseLogger - Using 'UTF-8' encoding to copy filtered resources.
2024-05-02 20:13:05,476 [Worker-27: Building] INFO  o.e.m.c.i.embedder.EclipseLogger - skip non existing resourceDirectory C:\Users\camit\Facultad\OO2\Ejercicio11_OO2\src\test\resources
2024-05-02 20:13:21,978 [Worker-14: Importing Maven projects] INFO  o.e.m.c.i.l.LifecycleMappingFactory - Using org.eclipse.m2e.jdt.JarLifecycleMapping lifecycle mapping for MavenProject: ar.edu.unlp.info.oo2:Ejercicio14_OO2:0.0.2 @ C:\Users\camit\Facultad\OO2\Ejercicio14_OO2\pom.xml.
2024-05-02 20:13:22,104 [Worker-14: Importing Maven projects] INFO  o.e.m.j.i.AbstractJavaProjectConfigurator - Adding source folder /Ejercicio14_OO2/src/main/java
2024-05-02 20:13:22,105 [Worker-14: Importing Maven projects] INFO  o.e.m.j.i.AbstractJavaProjectConfigurator - Adding source folder /Ejercicio14_OO2/src/test/java
2024-05-02 20:13:22,144 [Worker-14: Importing Maven projects] INFO  o.e.m.c.i.p.ProjectConfigurationManager - Imported and configured 1 project(s) in 0 sec
2024-05-02 20:13:22,638 [Worker-26: Building] INFO  o.e.m.c.i.embedder.EclipseLogger - Using 'UTF-8' encoding to copy filtered resources.
2024-05-02 20:13:22,639 [Worker-26: Building] INFO  o.e.m.c.i.embedder.EclipseLogger - skip non existing resourceDirectory C:\Users\camit\Facultad\OO2\Ejercicio14_OO2\src\main\resources
2024-05-02 20:13:22,641 [Worker-26: Building] INFO  o.e.m.c.i.embedder.EclipseLogger - Using 'UTF-8' encoding to copy filtered resources.
2024-05-02 20:13:22,642 [Worker-26: Building] INFO  o.e.m.c.i.embedder.EclipseLogger - skip non existing resourceDirectory C:\Users\camit\Facultad\OO2\Ejercicio14_OO2\src\test\resources
2024-05-02 20:13:41,577 [Worker-27: Importing Maven projects] INFO  o.e.m.c.i.l.LifecycleMappingFactory - Using org.eclipse.m2e.jdt.JarLifecycleMapping lifecycle mapping for MavenProject: ar.edu.unlp.info.oo2:Ejercicio15_OO2:0.0.2 @ C:\Users\camit\Facultad\OO2\Ejercicio15_OO2\pom.xml.
2024-05-02 20:13:41,708 [Worker-27: Importing Maven projects] INFO  o.e.m.j.i.AbstractJavaProjectConfigurator - Adding source folder /Ejercicio15_OO2/src/main/java
2024-05-02 20:13:41,709 [Worker-27: Importing Maven projects] INFO  o.e.m.j.i.AbstractJavaProjectConfigurator - Adding source folder /Ejercicio15_OO2/src/test/java
2024-05-02 20:13:41,746 [Worker-27: Importing Maven projects] INFO  o.e.m.c.i.p.ProjectConfigurationManager - Imported and configured 1 project(s) in 0 sec
2024-05-02 20:13:42,260 [Worker-28: Building] INFO  o.e.m.c.i.embedder.EclipseLogger - Using 'UTF-8' encoding to copy filtered resources.
2024-05-02 20:13:42,262 [Worker-28: Building] INFO  o.e.m.c.i.embedder.EclipseLogger - skip non existing resourceDirectory C:\Users\camit\Facultad\OO2\Ejercicio15_OO2\src\main\resources
2024-05-02 20:13:42,265 [Worker-28: Building] INFO  o.e.m.c.i.embedder.EclipseLogger - Using 'UTF-8' encoding to copy filtered resources.
2024-05-02 20:13:42,266 [Worker-28: Building] INFO  o.e.m.c.i.embedder.EclipseLogger - skip non existing resourceDirectory C:\Users\camit\Facultad\OO2\Ejercicio15_OO2\src\test\resources
2024-05-02 20:17:17,485 [Worker-5: Loading available Gradle versions] INFO  o.e.b.c.i.u.g.PublishedGradleVersions - Gradle version information cache is up-to-date. Trying to read.
2024-05-02 20:19:11,761 [Worker-22: Building] INFO  o.e.m.c.i.embedder.EclipseLogger - Using 'UTF-8' encoding to copy filtered resources.
2024-05-02 20:19:11,772 [Worker-22: Building] INFO  o.e.m.c.i.embedder.EclipseLogger - skip non existing resourceDirectory C:\Users\camit\Facultad\OO2\Ejercicio10_OO2\src\main\resources
2024-05-02 20:19:11,779 [Worker-22: Building] INFO  o.e.m.c.i.embedder.EclipseLogger - Using 'UTF-8' encoding to copy filtered resources.
2024-05-02 20:19:11,780 [Worker-22: Building] INFO  o.e.m.c.i.embedder.EclipseLogger - skip non existing resourceDirectory C:\Users\camit\Facultad\OO2\Ejercicio10_OO2\src\test\resources
2024-05-02 20:19:23,423 [Worker-3: Building] INFO  o.e.m.c.i.embedder.EclipseLogger - Using 'UTF-8' encoding to copy filtered resources.
2024-05-02 20:19:23,423 [Worker-3: Building] INFO  o.e.m.c.i.embedder.EclipseLogger - skip non existing resourceDirectory C:\Users\camit\Facultad\OO2\Ejercicio10_OO2\src\main\resources
2024-05-02 20:19:23,427 [Worker-3: Building] INFO  o.e.m.c.i.embedder.EclipseLogger - Using 'UTF-8' encoding to copy filtered resources.
2024-05-02 20:19:23,428 [Worker-3: Building] INFO  o.e.m.c.i.embedder.EclipseLogger - skip non existing resourceDirectory C:\Users\camit\Facultad\OO2\Ejercicio10_OO2\src\test\resources
2024-05-02 20:21:25,288 [Worker-11: Building] INFO  o.e.m.c.i.embedder.EclipseLogger - Using 'UTF-8' encoding to copy filtered resources.
2024-05-02 20:21:25,290 [Worker-11: Building] INFO  o.e.m.c.i.embedder.EclipseLogger - skip non existing resourceDirectory C:\Users\camit\Facultad\OO2\Ejercicio11_OO2\src\main\resources
2024-05-02 20:21:25,294 [Worker-11: Building] INFO  o.e.m.c.i.embedder.EclipseLogger - Using 'UTF-8' encoding to copy filtered resources.
2024-05-02 20:21:25,295 [Worker-11: Building] INFO  o.e.m.c.i.embedder.EclipseLogger - skip non existing resourceDirectory C:\Users\camit\Facultad\OO2\Ejercicio11_OO2\src\test\resources
2024-05-02 20:21:36,546 [Worker-9: Building] INFO  o.e.m.c.i.embedder.EclipseLogger - Using 'UTF-8' encoding to copy filtered resources.
2024-05-02 20:21:36,547 [Worker-9: Building] INFO  o.e.m.c.i.embedder.EclipseLogger - skip non existing resourceDirectory C:\Users\camit\Facultad\OO2\Ejercicio11_OO2\src\main\resources
2024-05-02 20:21:36,559 [Worker-9: Building] INFO  o.e.m.c.i.embedder.EclipseLogger - Using 'UTF-8' encoding to copy filtered resources.
2024-05-02 20:21:36,559 [Worker-9: Building] INFO  o.e.m.c.i.embedder.EclipseLogger - skip non existing resourceDirectory C:\Users\camit\Facultad\OO2\Ejercicio11_OO2\src\test\resources
2024-05-02 20:22:29,338 [Worker-6: Building] INFO  o.e.m.c.i.embedder.EclipseLogger - Using 'UTF-8' encoding to copy filtered resources.
2024-05-02 20:22:29,338 [Worker-6: Building] INFO  o.e.m.c.i.embedder.EclipseLogger - skip non existing resourceDirectory C:\Users\camit\Facultad\OO2\Ejercicio8_OO2\src\main\resources
2024-05-02 20:22:29,343 [Worker-6: Building] INFO  o.e.m.c.i.embedder.EclipseLogger - Using 'UTF-8' encoding to copy filtered resources.
2024-05-02 20:22:29,344 [Worker-6: Building] INFO  o.e.m.c.i.embedder.EclipseLogger - skip non existing resourceDirectory C:\Users\camit\Facultad\OO2\Ejercicio8_OO2\src\test\resources
2024-05-02 20:22:38,813 [Worker-11: Building] INFO  o.e.m.c.i.embedder.EclipseLogger - Using 'UTF-8' encoding to copy filtered resources.
2024-05-02 20:22:38,815 [Worker-11: Building] INFO  o.e.m.c.i.embedder.EclipseLogger - skip non existing resourceDirectory C:\Users\camit\Facultad\OO2\Ejercicio9_OO2\src\main\resources
